::1 - - [Sun, 21 May 2017 10:12:47 GMT] "OPTIONS /auth/local HTTP/1.1" 200 4 "http://localhost:8080/login" "Mozilla/5.0 (Windows NT 6.1; WOW64) AppleWebKit/537.36 (KHTML, like Gecko) Chrome/57.0.2987.133 Safari/537.36"
::1 - - [Sun, 21 May 2017 10:12:47 GMT] "POST /auth/local HTTP/1.1" 403 39 "http://localhost:8080/login" "Mozilla/5.0 (Windows NT 6.1; WOW64) AppleWebKit/537.36 (KHTML, like Gecko) Chrome/57.0.2987.133 Safari/537.36"
::1 - - [Sun, 21 May 2017 10:13:04 GMT] "OPTIONS /auth/local HTTP/1.1" 200 4 "http://localhost:8080/login" "Mozilla/5.0 (Windows NT 6.1; WOW64) AppleWebKit/537.36 (KHTML, like Gecko) Chrome/57.0.2987.133 Safari/537.36"
::1 - - [Sun, 21 May 2017 10:13:04 GMT] "POST /auth/local HTTP/1.1" 403 39 "http://localhost:8080/login" "Mozilla/5.0 (Windows NT 6.1; WOW64) AppleWebKit/537.36 (KHTML, like Gecko) Chrome/57.0.2987.133 Safari/537.36"
::1 - - [Sun, 21 May 2017 10:13:34 GMT] "OPTIONS /user/addUser HTTP/1.1" 200 4 "http://localhost:8080/reg" "Mozilla/5.0 (Windows NT 6.1; WOW64) AppleWebKit/537.36 (KHTML, like Gecko) Chrome/57.0.2987.133 Safari/537.36"
::1 - - [Sun, 21 May 2017 10:13:34 GMT] "POST /user/addUser HTTP/1.1" 200 183 "http://localhost:8080/reg" "Mozilla/5.0 (Windows NT 6.1; WOW64) AppleWebKit/537.36 (KHTML, like Gecko) Chrome/57.0.2987.133 Safari/537.36"
::1 - - [Sun, 21 May 2017 10:13:34 GMT] "OPTIONS /user/authInfo HTTP/1.1" 200 8 "http://localhost:8080/reg" "Mozilla/5.0 (Windows NT 6.1; WOW64) AppleWebKit/537.36 (KHTML, like Gecko) Chrome/57.0.2987.133 Safari/537.36"
::1 - - [Sun, 21 May 2017 10:13:48 GMT] "GET /user/authInfo HTTP/1.1" - - "http://localhost:8080/reg" "Mozilla/5.0 (Windows NT 6.1; WOW64) AppleWebKit/537.36 (KHTML, like Gecko) Chrome/57.0.2987.133 Safari/537.36"
::1 - - [Sun, 21 May 2017 10:13:49 GMT] "OPTIONS /user/authInfo HTTP/1.1" 200 8 "http://localhost:8080/" "Mozilla/5.0 (Windows NT 6.1; WOW64) AppleWebKit/537.36 (KHTML, like Gecko) Chrome/57.0.2987.133 Safari/537.36"
::1 - - [Sun, 21 May 2017 10:14:10 GMT] "GET /user/authInfo HTTP/1.1" - - "http://localhost:8080/" "Mozilla/5.0 (Windows NT 6.1; WOW64) AppleWebKit/537.36 (KHTML, like Gecko) Chrome/57.0.2987.133 Safari/537.36"
::1 - - [Sun, 21 May 2017 10:14:19 GMT] "OPTIONS /user/authInfo HTTP/1.1" 200 8 "http://localhost:8080/" "Mozilla/5.0 (Windows NT 6.1; WOW64) AppleWebKit/537.36 (KHTML, like Gecko) Chrome/57.0.2987.133 Safari/537.36"
::1 - - [Sun, 21 May 2017 10:14:42 GMT] "GET /user/authInfo HTTP/1.1" - - "http://localhost:8080/" "Mozilla/5.0 (Windows NT 6.1; WOW64) AppleWebKit/537.36 (KHTML, like Gecko) Chrome/57.0.2987.133 Safari/537.36"
::1 - - [Sun, 21 May 2017 10:14:47 GMT] "OPTIONS /user/authInfo HTTP/1.1" 200 8 "http://localhost:8080/" "Mozilla/5.0 (Windows NT 6.1; WOW64) AppleWebKit/537.36 (KHTML, like Gecko) Chrome/57.0.2987.133 Safari/537.36"
::1 - - [Sun, 21 May 2017 10:14:51 GMT] "OPTIONS /album/photoList/1495361691903 HTTP/1.1" 404 46 "http://localhost:8080/photo" "Mozilla/5.0 (Windows NT 6.1; WOW64) AppleWebKit/537.36 (KHTML, like Gecko) Chrome/57.0.2987.133 Safari/537.36"
::1 - - [Sun, 21 May 2017 10:14:54 GMT] "OPTIONS /article/tags HTTP/1.1" 404 29 "http://localhost:8080/dairy" "Mozilla/5.0 (Windows NT 6.1; WOW64) AppleWebKit/537.36 (KHTML, like Gecko) Chrome/57.0.2987.133 Safari/537.36"
::1 - - [Sun, 21 May 2017 10:14:54 GMT] "OPTIONS /article/articleList/1495361694283 HTTP/1.1" 404 50 "http://localhost:8080/dairy" "Mozilla/5.0 (Windows NT 6.1; WOW64) AppleWebKit/537.36 (KHTML, like Gecko) Chrome/57.0.2987.133 Safari/537.36"
::1 - - [Sun, 21 May 2017 10:15:03 GMT] "GET /user/authInfo HTTP/1.1" - - "http://localhost:8080/" "Mozilla/5.0 (Windows NT 6.1; WOW64) AppleWebKit/537.36 (KHTML, like Gecko) Chrome/57.0.2987.133 Safari/537.36"
::1 - - [Sun, 21 May 2017 10:15:03 GMT] "OPTIONS /user/authInfo HTTP/1.1" 200 8 "http://localhost:8080/" "Mozilla/5.0 (Windows NT 6.1; WOW64) AppleWebKit/537.36 (KHTML, like Gecko) Chrome/57.0.2987.133 Safari/537.36"
::1 - - [Sun, 21 May 2017 10:15:11 GMT] "OPTIONS /user/authInfo HTTP/1.1" 200 8 "http://localhost:8080/" "Mozilla/5.0 (Windows NT 6.1; WOW64) AppleWebKit/537.36 (KHTML, like Gecko) Chrome/49.0.2623.221 Safari/537.36 SE 2.X MetaSr 1.0"
::1 - - [Sun, 21 May 2017 10:15:41 GMT] "GET /user/authInfo HTTP/1.1" - - "http://localhost:8080/" "Mozilla/5.0 (Windows NT 6.1; WOW64) AppleWebKit/537.36 (KHTML, like Gecko) Chrome/57.0.2987.133 Safari/537.36"
::1 - - [Sun, 21 May 2017 10:15:54 GMT] "OPTIONS /auth/local HTTP/1.1" 200 4 "http://localhost:8080/login" "Mozilla/5.0 (Windows NT 6.1; WOW64) AppleWebKit/537.36 (KHTML, like Gecko) Chrome/57.0.2987.133 Safari/537.36"
::1 - - [Sun, 21 May 2017 10:24:40 GMT] "OPTIONS /user/authInfo HTTP/1.1" 200 8 "http://localhost:8080/" "Mozilla/5.0 (Windows NT 6.1; WOW64) AppleWebKit/537.36 (KHTML, like Gecko) Chrome/57.0.2987.133 Safari/537.36"
::1 - - [Sun, 21 May 2017 10:24:47 GMT] "GET /user/authInfo HTTP/1.1" - - "http://localhost:8080/" "Mozilla/5.0 (Windows NT 6.1; WOW64) AppleWebKit/537.36 (KHTML, like Gecko) Chrome/57.0.2987.133 Safari/537.36"
::1 - - [Sun, 21 May 2017 10:24:47 GMT] "OPTIONS /user/authInfo HTTP/1.1" 200 8 "http://localhost:8080/" "Mozilla/5.0 (Windows NT 6.1; WOW64) AppleWebKit/537.36 (KHTML, like Gecko) Chrome/57.0.2987.133 Safari/537.36"
::1 - - [Sun, 21 May 2017 10:25:05 GMT] "GET /user/authInfo HTTP/1.1" - - "http://localhost:8080/" "Mozilla/5.0 (Windows NT 6.1; WOW64) AppleWebKit/537.36 (KHTML, like Gecko) Chrome/57.0.2987.133 Safari/537.36"
::1 - - [Sun, 21 May 2017 10:25:05 GMT] "OPTIONS /user/authInfo HTTP/1.1" 200 8 "http://localhost:8080/" "Mozilla/5.0 (Windows NT 6.1; WOW64) AppleWebKit/537.36 (KHTML, like Gecko) Chrome/57.0.2987.133 Safari/537.36"
::1 - - [Sun, 21 May 2017 10:26:18 GMT] "GET /user/authInfo HTTP/1.1" - - "http://localhost:8080/" "Mozilla/5.0 (Windows NT 6.1; WOW64) AppleWebKit/537.36 (KHTML, like Gecko) Chrome/57.0.2987.133 Safari/537.36"
::1 - - [Sun, 21 May 2017 10:26:31 GMT] "OPTIONS /auth/local HTTP/1.1" 200 4 "http://localhost:8080/login" "Mozilla/5.0 (Windows NT 6.1; WOW64) AppleWebKit/537.36 (KHTML, like Gecko) Chrome/57.0.2987.133 Safari/537.36"
::1 - - [Sun, 21 May 2017 10:26:31 GMT] "POST /auth/local HTTP/1.1" 403 39 "http://localhost:8080/login" "Mozilla/5.0 (Windows NT 6.1; WOW64) AppleWebKit/537.36 (KHTML, like Gecko) Chrome/57.0.2987.133 Safari/537.36"
::1 - - [Sun, 21 May 2017 10:26:55 GMT] "OPTIONS /user/addUser HTTP/1.1" 200 4 "http://localhost:8080/reg" "Mozilla/5.0 (Windows NT 6.1; WOW64) AppleWebKit/537.36 (KHTML, like Gecko) Chrome/57.0.2987.133 Safari/537.36"
::1 - - [Sun, 21 May 2017 10:26:55 GMT] "POST /user/addUser HTTP/1.1" 401 30 "http://localhost:8080/reg" "Mozilla/5.0 (Windows NT 6.1; WOW64) AppleWebKit/537.36 (KHTML, like Gecko) Chrome/57.0.2987.133 Safari/537.36"
::1 - - [Sun, 21 May 2017 10:27:04 GMT] "OPTIONS /user/addUser HTTP/1.1" 200 4 "http://localhost:8080/reg" "Mozilla/5.0 (Windows NT 6.1; WOW64) AppleWebKit/537.36 (KHTML, like Gecko) Chrome/57.0.2987.133 Safari/537.36"
::1 - - [Sun, 21 May 2017 10:27:04 GMT] "POST /user/addUser HTTP/1.1" 401 30 "http://localhost:8080/reg" "Mozilla/5.0 (Windows NT 6.1; WOW64) AppleWebKit/537.36 (KHTML, like Gecko) Chrome/57.0.2987.133 Safari/537.36"
::1 - - [Sun, 21 May 2017 10:27:13 GMT] "OPTIONS /user/addUser HTTP/1.1" 200 4 "http://localhost:8080/reg" "Mozilla/5.0 (Windows NT 6.1; WOW64) AppleWebKit/537.36 (KHTML, like Gecko) Chrome/57.0.2987.133 Safari/537.36"
::1 - - [Sun, 21 May 2017 10:27:13 GMT] "POST /user/addUser HTTP/1.1" 200 183 "http://localhost:8080/reg" "Mozilla/5.0 (Windows NT 6.1; WOW64) AppleWebKit/537.36 (KHTML, like Gecko) Chrome/57.0.2987.133 Safari/537.36"
::1 - - [Sun, 21 May 2017 10:27:13 GMT] "OPTIONS /user/authInfo HTTP/1.1" 200 8 "http://localhost:8080/reg" "Mozilla/5.0 (Windows NT 6.1; WOW64) AppleWebKit/537.36 (KHTML, like Gecko) Chrome/57.0.2987.133 Safari/537.36"
::1 - - [Sun, 21 May 2017 10:27:38 GMT] "GET /auth/local HTTP/1.1" 404 23 "-" "Mozilla/5.0 (Windows NT 6.1; WOW64) AppleWebKit/537.36 (KHTML, like Gecko) Chrome/57.0.2987.133 Safari/537.36"
::1 - - [Sun, 21 May 2017 10:27:38 GMT] "GET /favicon.ico HTTP/1.1" 404 24 "http://localhost:3000/auth/local" "Mozilla/5.0 (Windows NT 6.1; WOW64) AppleWebKit/537.36 (KHTML, like Gecko) Chrome/57.0.2987.133 Safari/537.36"
::1 - - [Sun, 21 May 2017 10:29:02 GMT] "OPTIONS /auth/local HTTP/1.1" 200 4 "http://localhost:8080/login" "Mozilla/5.0 (Windows NT 6.1; WOW64) AppleWebKit/537.36 (KHTML, like Gecko) Chrome/57.0.2987.133 Safari/537.36"
::1 - - [Sun, 21 May 2017 10:29:02 GMT] "POST /auth/local HTTP/1.1" 403 39 "http://localhost:8080/login" "Mozilla/5.0 (Windows NT 6.1; WOW64) AppleWebKit/537.36 (KHTML, like Gecko) Chrome/57.0.2987.133 Safari/537.36"
::1 - - [Sun, 21 May 2017 10:29:05 GMT] "POST /auth/local HTTP/1.1" 403 39 "http://localhost:8080/login" "Mozilla/5.0 (Windows NT 6.1; WOW64) AppleWebKit/537.36 (KHTML, like Gecko) Chrome/57.0.2987.133 Safari/537.36"
::1 - - [Sun, 21 May 2017 10:29:06 GMT] "POST /auth/local HTTP/1.1" 403 39 "http://localhost:8080/login" "Mozilla/5.0 (Windows NT 6.1; WOW64) AppleWebKit/537.36 (KHTML, like Gecko) Chrome/57.0.2987.133 Safari/537.36"
::1 - - [Sun, 21 May 2017 10:29:07 GMT] "OPTIONS /auth/local HTTP/1.1" 200 4 "http://localhost:8080/login" "Mozilla/5.0 (Windows NT 6.1; WOW64) AppleWebKit/537.36 (KHTML, like Gecko) Chrome/57.0.2987.133 Safari/537.36"
::1 - - [Sun, 21 May 2017 10:29:07 GMT] "POST /auth/local HTTP/1.1" 403 39 "http://localhost:8080/login" "Mozilla/5.0 (Windows NT 6.1; WOW64) AppleWebKit/537.36 (KHTML, like Gecko) Chrome/57.0.2987.133 Safari/537.36"
::1 - - [Sun, 21 May 2017 10:29:07 GMT] "POST /auth/local HTTP/1.1" 403 39 "http://localhost:8080/login" "Mozilla/5.0 (Windows NT 6.1; WOW64) AppleWebKit/537.36 (KHTML, like Gecko) Chrome/57.0.2987.133 Safari/537.36"
::1 - - [Sun, 21 May 2017 10:29:07 GMT] "POST /auth/local HTTP/1.1" 403 39 "http://localhost:8080/login" "Mozilla/5.0 (Windows NT 6.1; WOW64) AppleWebKit/537.36 (KHTML, like Gecko) Chrome/57.0.2987.133 Safari/537.36"
::1 - - [Sun, 21 May 2017 10:29:13 GMT] "GET /user/authInfo HTTP/1.1" - - "http://localhost:8080/reg" "Mozilla/5.0 (Windows NT 6.1; WOW64) AppleWebKit/537.36 (KHTML, like Gecko) Chrome/57.0.2987.133 Safari/537.36"
::1 - - [Sun, 21 May 2017 10:29:13 GMT] "OPTIONS /auth/local HTTP/1.1" 200 4 "http://localhost:8080/login" "Mozilla/5.0 (Windows NT 6.1; WOW64) AppleWebKit/537.36 (KHTML, like Gecko) Chrome/57.0.2987.133 Safari/537.36"
::1 - - [Sun, 21 May 2017 10:29:13 GMT] "POST /auth/local HTTP/1.1" 403 39 "http://localhost:8080/login" "Mozilla/5.0 (Windows NT 6.1; WOW64) AppleWebKit/537.36 (KHTML, like Gecko) Chrome/57.0.2987.133 Safari/537.36"
::1 - - [Sun, 21 May 2017 10:29:20 GMT] "GET /user/authInfo HTTP/1.1" - - "http://localhost:8080/reg" "Mozilla/5.0 (Windows NT 6.1; WOW64) AppleWebKit/537.36 (KHTML, like Gecko) Chrome/57.0.2987.133 Safari/537.36"
::1 - - [Mon, 22 May 2017 05:09:31 GMT] "OPTIONS /user/authInfo HTTP/1.1" 200 8 "http://localhost:8080/" "Mozilla/5.0 (Windows NT 6.1; WOW64) AppleWebKit/537.36 (KHTML, like Gecko) Chrome/57.0.2987.133 Safari/537.36"
::1 - - [Mon, 22 May 2017 05:09:32 GMT] "GET /user/authInfo HTTP/1.1" 401 - "http://localhost:8080/" "Mozilla/5.0 (Windows NT 6.1; WOW64) AppleWebKit/537.36 (KHTML, like Gecko) Chrome/57.0.2987.133 Safari/537.36"
::1 - - [Mon, 22 May 2017 05:09:35 GMT] "OPTIONS /article/tags HTTP/1.1" 404 29 "http://localhost:8080/dairy" "Mozilla/5.0 (Windows NT 6.1; WOW64) AppleWebKit/537.36 (KHTML, like Gecko) Chrome/57.0.2987.133 Safari/537.36"
::1 - - [Mon, 22 May 2017 05:09:35 GMT] "OPTIONS /article/articleList/1495429775113 HTTP/1.1" 404 50 "http://localhost:8080/dairy" "Mozilla/5.0 (Windows NT 6.1; WOW64) AppleWebKit/537.36 (KHTML, like Gecko) Chrome/57.0.2987.133 Safari/537.36"
::1 - - [Mon, 22 May 2017 05:09:36 GMT] "OPTIONS /album/photoList/1495429776076 HTTP/1.1" 404 46 "http://localhost:8080/photo" "Mozilla/5.0 (Windows NT 6.1; WOW64) AppleWebKit/537.36 (KHTML, like Gecko) Chrome/57.0.2987.133 Safari/537.36"
::1 - - [Mon, 22 May 2017 05:09:41 GMT] "OPTIONS /user/authInfo HTTP/1.1" 200 8 "http://localhost:8080/" "Mozilla/5.0 (Windows NT 6.1; WOW64) AppleWebKit/537.36 (KHTML, like Gecko) Chrome/57.0.2987.133 Safari/537.36"
::1 - - [Mon, 22 May 2017 05:09:41 GMT] "GET /user/authInfo HTTP/1.1" 401 - "http://localhost:8080/" "Mozilla/5.0 (Windows NT 6.1; WOW64) AppleWebKit/537.36 (KHTML, like Gecko) Chrome/57.0.2987.133 Safari/537.36"
::1 - - [Mon, 22 May 2017 05:09:52 GMT] "OPTIONS /album/photoList/1495429792587 HTTP/1.1" 404 46 "http://localhost:8080/photo" "Mozilla/5.0 (Windows NT 6.1; WOW64) AppleWebKit/537.36 (KHTML, like Gecko) Chrome/57.0.2987.133 Safari/537.36"
::1 - - [Mon, 22 May 2017 05:09:54 GMT] "OPTIONS /article/tags HTTP/1.1" 404 29 "http://localhost:8080/dairy" "Mozilla/5.0 (Windows NT 6.1; WOW64) AppleWebKit/537.36 (KHTML, like Gecko) Chrome/57.0.2987.133 Safari/537.36"
::1 - - [Mon, 22 May 2017 05:09:54 GMT] "OPTIONS /article/articleList/1495429794416 HTTP/1.1" 404 50 "http://localhost:8080/dairy" "Mozilla/5.0 (Windows NT 6.1; WOW64) AppleWebKit/537.36 (KHTML, like Gecko) Chrome/57.0.2987.133 Safari/537.36"
::1 - - [Mon, 22 May 2017 05:09:55 GMT] "OPTIONS /album/photoList/1495429795190 HTTP/1.1" 404 46 "http://localhost:8080/photo" "Mozilla/5.0 (Windows NT 6.1; WOW64) AppleWebKit/537.36 (KHTML, like Gecko) Chrome/57.0.2987.133 Safari/537.36"
::1 - - [Mon, 22 May 2017 05:09:55 GMT] "OPTIONS /article/tags HTTP/1.1" 404 29 "http://localhost:8080/dairy" "Mozilla/5.0 (Windows NT 6.1; WOW64) AppleWebKit/537.36 (KHTML, like Gecko) Chrome/57.0.2987.133 Safari/537.36"
::1 - - [Mon, 22 May 2017 05:09:55 GMT] "OPTIONS /article/articleList/1495429795885 HTTP/1.1" 404 50 "http://localhost:8080/dairy" "Mozilla/5.0 (Windows NT 6.1; WOW64) AppleWebKit/537.36 (KHTML, like Gecko) Chrome/57.0.2987.133 Safari/537.36"
::1 - - [Mon, 22 May 2017 05:10:10 GMT] "OPTIONS /user/authInfo HTTP/1.1" 200 8 "http://localhost:8080/" "Mozilla/5.0 (Windows NT 6.1; WOW64) AppleWebKit/537.36 (KHTML, like Gecko) Chrome/57.0.2987.133 Safari/537.36"
::1 - - [Mon, 22 May 2017 05:10:10 GMT] "GET /user/authInfo HTTP/1.1" 401 - "http://localhost:8080/" "Mozilla/5.0 (Windows NT 6.1; WOW64) AppleWebKit/537.36 (KHTML, like Gecko) Chrome/57.0.2987.133 Safari/537.36"
::1 - - [Mon, 22 May 2017 05:10:18 GMT] "OPTIONS /user/authInfo HTTP/1.1" 200 8 "http://localhost:8080/" "Mozilla/5.0 (Windows NT 6.1; WOW64) AppleWebKit/537.36 (KHTML, like Gecko) Chrome/49.0.2623.221 Safari/537.36 SE 2.X MetaSr 1.0"
::1 - - [Mon, 22 May 2017 05:10:18 GMT] "GET /user/authInfo HTTP/1.1" 401 - "http://localhost:8080/" "Mozilla/5.0 (Windows NT 6.1; WOW64) AppleWebKit/537.36 (KHTML, like Gecko) Chrome/49.0.2623.221 Safari/537.36 SE 2.X MetaSr 1.0"
::1 - - [Mon, 22 May 2017 05:11:07 GMT] "OPTIONS /user/addUser HTTP/1.1" 200 4 "http://localhost:8080/reg" "Mozilla/5.0 (Windows NT 6.1; WOW64) AppleWebKit/537.36 (KHTML, like Gecko) Chrome/57.0.2987.133 Safari/537.36"
::1 - - [Mon, 22 May 2017 05:11:08 GMT] "POST /user/addUser HTTP/1.1" 401 30 "http://localhost:8080/reg" "Mozilla/5.0 (Windows NT 6.1; WOW64) AppleWebKit/537.36 (KHTML, like Gecko) Chrome/57.0.2987.133 Safari/537.36"
::1 - - [Mon, 22 May 2017 05:11:20 GMT] "OPTIONS /user/addUser HTTP/1.1" 200 4 "http://localhost:8080/reg" "Mozilla/5.0 (Windows NT 6.1; WOW64) AppleWebKit/537.36 (KHTML, like Gecko) Chrome/57.0.2987.133 Safari/537.36"
::1 - - [Mon, 22 May 2017 05:11:20 GMT] "POST /user/addUser HTTP/1.1" 200 183 "http://localhost:8080/reg" "Mozilla/5.0 (Windows NT 6.1; WOW64) AppleWebKit/537.36 (KHTML, like Gecko) Chrome/57.0.2987.133 Safari/537.36"
::1 - - [Mon, 22 May 2017 05:11:20 GMT] "OPTIONS /user/authInfo HTTP/1.1" 200 8 "http://localhost:8080/reg" "Mozilla/5.0 (Windows NT 6.1; WOW64) AppleWebKit/537.36 (KHTML, like Gecko) Chrome/57.0.2987.133 Safari/537.36"
::1 - - [Mon, 22 May 2017 05:11:20 GMT] "GET /user/authInfo HTTP/1.1" 401 - "http://localhost:8080/reg" "Mozilla/5.0 (Windows NT 6.1; WOW64) AppleWebKit/537.36 (KHTML, like Gecko) Chrome/57.0.2987.133 Safari/537.36"
::1 - - [Mon, 22 May 2017 05:11:29 GMT] "OPTIONS /article/tags HTTP/1.1" 404 29 "http://localhost:8080/dairy" "Mozilla/5.0 (Windows NT 6.1; WOW64) AppleWebKit/537.36 (KHTML, like Gecko) Chrome/57.0.2987.133 Safari/537.36"
::1 - - [Mon, 22 May 2017 05:11:29 GMT] "OPTIONS /article/articleList/1495429889865 HTTP/1.1" 404 50 "http://localhost:8080/dairy" "Mozilla/5.0 (Windows NT 6.1; WOW64) AppleWebKit/537.36 (KHTML, like Gecko) Chrome/57.0.2987.133 Safari/537.36"
::1 - - [Mon, 22 May 2017 05:23:05 GMT] "OPTIONS /user/authInfo HTTP/1.1" 200 8 "http://localhost:8080/" "Mozilla/5.0 (Windows NT 6.1; WOW64) AppleWebKit/537.36 (KHTML, like Gecko) Chrome/57.0.2987.133 Safari/537.36"
::1 - - [Mon, 22 May 2017 05:23:05 GMT] "GET /user/authInfo HTTP/1.1" 401 - "http://localhost:8080/" "Mozilla/5.0 (Windows NT 6.1; WOW64) AppleWebKit/537.36 (KHTML, like Gecko) Chrome/57.0.2987.133 Safari/537.36"
::1 - - [Mon, 22 May 2017 05:23:48 GMT] "OPTIONS /user/authInfo HTTP/1.1" 200 8 "http://localhost:8080/" "Mozilla/5.0 (Windows NT 6.1; WOW64) AppleWebKit/537.36 (KHTML, like Gecko) Chrome/57.0.2987.133 Safari/537.36"
::1 - - [Mon, 22 May 2017 05:23:48 GMT] "GET /user/authInfo HTTP/1.1" 401 - "http://localhost:8080/" "Mozilla/5.0 (Windows NT 6.1; WOW64) AppleWebKit/537.36 (KHTML, like Gecko) Chrome/57.0.2987.133 Safari/537.36"
::1 - - [Mon, 22 May 2017 05:24:00 GMT] "OPTIONS /user/authInfo HTTP/1.1" 200 8 "http://localhost:8080/" "Mozilla/5.0 (Windows NT 6.1; WOW64) AppleWebKit/537.36 (KHTML, like Gecko) Chrome/57.0.2987.133 Safari/537.36"
::1 - - [Mon, 22 May 2017 05:24:00 GMT] "GET /user/authInfo HTTP/1.1" 401 - "http://localhost:8080/" "Mozilla/5.0 (Windows NT 6.1; WOW64) AppleWebKit/537.36 (KHTML, like Gecko) Chrome/57.0.2987.133 Safari/537.36"
::1 - - [Mon, 22 May 2017 05:24:03 GMT] "OPTIONS /album/photoList/1495430643320 HTTP/1.1" 404 46 "http://localhost:8080/photo" "Mozilla/5.0 (Windows NT 6.1; WOW64) AppleWebKit/537.36 (KHTML, like Gecko) Chrome/57.0.2987.133 Safari/537.36"
::1 - - [Mon, 22 May 2017 05:24:20 GMT] "OPTIONS /user/authInfo HTTP/1.1" 200 8 "http://localhost:8080/" "Mozilla/5.0 (Windows NT 6.1; WOW64) AppleWebKit/537.36 (KHTML, like Gecko) Chrome/57.0.2987.133 Safari/537.36"
::1 - - [Mon, 22 May 2017 05:24:20 GMT] "GET /user/authInfo HTTP/1.1" 401 - "http://localhost:8080/" "Mozilla/5.0 (Windows NT 6.1; WOW64) AppleWebKit/537.36 (KHTML, like Gecko) Chrome/57.0.2987.133 Safari/537.36"
::1 - - [Mon, 22 May 2017 05:24:22 GMT] "OPTIONS /article/tags HTTP/1.1" 404 29 "http://localhost:8080/dairy" "Mozilla/5.0 (Windows NT 6.1; WOW64) AppleWebKit/537.36 (KHTML, like Gecko) Chrome/57.0.2987.133 Safari/537.36"
::1 - - [Mon, 22 May 2017 05:24:22 GMT] "OPTIONS /article/articleList/1495430662282 HTTP/1.1" 404 50 "http://localhost:8080/dairy" "Mozilla/5.0 (Windows NT 6.1; WOW64) AppleWebKit/537.36 (KHTML, like Gecko) Chrome/57.0.2987.133 Safari/537.36"
::1 - - [Mon, 22 May 2017 05:24:22 GMT] "OPTIONS /album/photoList/1495430662646 HTTP/1.1" 404 46 "http://localhost:8080/photo" "Mozilla/5.0 (Windows NT 6.1; WOW64) AppleWebKit/537.36 (KHTML, like Gecko) Chrome/57.0.2987.133 Safari/537.36"
::1 - - [Mon, 22 May 2017 05:24:48 GMT] "OPTIONS /user/authInfo HTTP/1.1" 200 8 "http://localhost:8080/" "Mozilla/5.0 (Windows NT 6.1; WOW64) AppleWebKit/537.36 (KHTML, like Gecko) Chrome/57.0.2987.133 Safari/537.36"
::1 - - [Mon, 22 May 2017 05:24:48 GMT] "GET /user/authInfo HTTP/1.1" 401 - "http://localhost:8080/" "Mozilla/5.0 (Windows NT 6.1; WOW64) AppleWebKit/537.36 (KHTML, like Gecko) Chrome/57.0.2987.133 Safari/537.36"
::1 - - [Mon, 22 May 2017 05:24:52 GMT] "OPTIONS /article/tags HTTP/1.1" 404 29 "http://localhost:8080/dairy" "Mozilla/5.0 (Windows NT 6.1; WOW64) AppleWebKit/537.36 (KHTML, like Gecko) Chrome/57.0.2987.133 Safari/537.36"
::1 - - [Mon, 22 May 2017 05:24:52 GMT] "OPTIONS /article/articleList/1495430692881 HTTP/1.1" 404 50 "http://localhost:8080/dairy" "Mozilla/5.0 (Windows NT 6.1; WOW64) AppleWebKit/537.36 (KHTML, like Gecko) Chrome/57.0.2987.133 Safari/537.36"
::1 - - [Mon, 22 May 2017 05:24:53 GMT] "OPTIONS /album/photoList/1495430693650 HTTP/1.1" 404 46 "http://localhost:8080/photo" "Mozilla/5.0 (Windows NT 6.1; WOW64) AppleWebKit/537.36 (KHTML, like Gecko) Chrome/57.0.2987.133 Safari/537.36"
::1 - - [Mon, 22 May 2017 05:25:22 GMT] "OPTIONS /user/addUser HTTP/1.1" 200 4 "http://localhost:8080/reg" "Mozilla/5.0 (Windows NT 6.1; WOW64) AppleWebKit/537.36 (KHTML, like Gecko) Chrome/57.0.2987.133 Safari/537.36"
::1 - - [Mon, 22 May 2017 05:25:22 GMT] "POST /user/addUser HTTP/1.1" 200 183 "http://localhost:8080/reg" "Mozilla/5.0 (Windows NT 6.1; WOW64) AppleWebKit/537.36 (KHTML, like Gecko) Chrome/57.0.2987.133 Safari/537.36"
::1 - - [Mon, 22 May 2017 05:25:22 GMT] "OPTIONS /user/authInfo HTTP/1.1" 200 8 "http://localhost:8080/reg" "Mozilla/5.0 (Windows NT 6.1; WOW64) AppleWebKit/537.36 (KHTML, like Gecko) Chrome/57.0.2987.133 Safari/537.36"
::1 - - [Mon, 22 May 2017 05:25:22 GMT] "GET /user/authInfo HTTP/1.1" 401 - "http://localhost:8080/reg" "Mozilla/5.0 (Windows NT 6.1; WOW64) AppleWebKit/537.36 (KHTML, like Gecko) Chrome/57.0.2987.133 Safari/537.36"
::1 - - [Mon, 22 May 2017 05:26:42 GMT] "GET /user/authInfo HTTP/1.1" 401 2602 "-" "Mozilla/5.0 (Windows NT 6.1; WOW64) AppleWebKit/537.36 (KHTML, like Gecko) Chrome/57.0.2987.133 Safari/537.36"
::1 - - [Mon, 22 May 2017 05:26:42 GMT] "GET /favicon.ico HTTP/1.1" 404 24 "http://localhost:3000/user/authInfo" "Mozilla/5.0 (Windows NT 6.1; WOW64) AppleWebKit/537.36 (KHTML, like Gecko) Chrome/57.0.2987.133 Safari/537.36"
::1 - - [Mon, 22 May 2017 05:35:56 GMT] "OPTIONS /user/authInfo HTTP/1.1" 200 8 "http://localhost:8080/" "Mozilla/5.0 (Windows NT 6.1; WOW64) AppleWebKit/537.36 (KHTML, like Gecko) Chrome/57.0.2987.133 Safari/537.36"
::1 - - [Mon, 22 May 2017 05:35:56 GMT] "GET /user/authInfo HTTP/1.1" 401 - "http://localhost:8080/" "Mozilla/5.0 (Windows NT 6.1; WOW64) AppleWebKit/537.36 (KHTML, like Gecko) Chrome/57.0.2987.133 Safari/537.36"
::1 - - [Mon, 22 May 2017 05:36:05 GMT] "OPTIONS /user/authInfo HTTP/1.1" 200 8 "http://localhost:8080/" "Mozilla/5.0 (Windows NT 6.1; WOW64) AppleWebKit/537.36 (KHTML, like Gecko) Chrome/57.0.2987.133 Safari/537.36"
::1 - - [Mon, 22 May 2017 05:36:05 GMT] "GET /user/authInfo HTTP/1.1" 401 - "http://localhost:8080/" "Mozilla/5.0 (Windows NT 6.1; WOW64) AppleWebKit/537.36 (KHTML, like Gecko) Chrome/57.0.2987.133 Safari/537.36"
::1 - - [Mon, 22 May 2017 05:36:32 GMT] "OPTIONS /user/addUser HTTP/1.1" 200 4 "http://localhost:8080/reg" "Mozilla/5.0 (Windows NT 6.1; WOW64) AppleWebKit/537.36 (KHTML, like Gecko) Chrome/57.0.2987.133 Safari/537.36"
::1 - - [Mon, 22 May 2017 05:36:32 GMT] "POST /user/addUser HTTP/1.1" 200 183 "http://localhost:8080/reg" "Mozilla/5.0 (Windows NT 6.1; WOW64) AppleWebKit/537.36 (KHTML, like Gecko) Chrome/57.0.2987.133 Safari/537.36"
::1 - - [Mon, 22 May 2017 05:36:32 GMT] "OPTIONS /user/authInfo HTTP/1.1" 200 8 "http://localhost:8080/reg" "Mozilla/5.0 (Windows NT 6.1; WOW64) AppleWebKit/537.36 (KHTML, like Gecko) Chrome/57.0.2987.133 Safari/537.36"
::1 - - [Mon, 22 May 2017 05:36:32 GMT] "GET /user/authInfo HTTP/1.1" 401 - "http://localhost:8080/reg" "Mozilla/5.0 (Windows NT 6.1; WOW64) AppleWebKit/537.36 (KHTML, like Gecko) Chrome/57.0.2987.133 Safari/537.36"
::1 - - [Mon, 22 May 2017 05:39:53 GMT] "GET /user/authInfo HTTP/1.1" 401 2602 "-" "Mozilla/5.0 (Windows NT 6.1; WOW64) AppleWebKit/537.36 (KHTML, like Gecko) Chrome/57.0.2987.133 Safari/537.36"
::1 - - [Mon, 22 May 2017 05:43:48 GMT] "GET /user/authInfo HTTP/1.1" 401 2602 "-" "Mozilla/5.0 (Windows NT 6.1; WOW64) AppleWebKit/537.36 (KHTML, like Gecko) Chrome/57.0.2987.133 Safari/537.36"
::1 - - [Mon, 22 May 2017 06:34:21 GMT] "OPTIONS /user/authInfo HTTP/1.1" 200 8 "http://localhost:8080/" "Mozilla/5.0 (Windows NT 6.1; WOW64) AppleWebKit/537.36 (KHTML, like Gecko) Chrome/57.0.2987.133 Safari/537.36"
::1 - - [Mon, 22 May 2017 06:34:21 GMT] "GET /user/authInfo HTTP/1.1" 401 - "http://localhost:8080/" "Mozilla/5.0 (Windows NT 6.1; WOW64) AppleWebKit/537.36 (KHTML, like Gecko) Chrome/57.0.2987.133 Safari/537.36"
::1 - - [Mon, 22 May 2017 06:35:05 GMT] "OPTIONS /user/addUser HTTP/1.1" 200 4 "http://localhost:8080/reg" "Mozilla/5.0 (Windows NT 6.1; WOW64) AppleWebKit/537.36 (KHTML, like Gecko) Chrome/57.0.2987.133 Safari/537.36"
::1 - - [Mon, 22 May 2017 06:35:05 GMT] "POST /user/addUser HTTP/1.1" 200 183 "http://localhost:8080/reg" "Mozilla/5.0 (Windows NT 6.1; WOW64) AppleWebKit/537.36 (KHTML, like Gecko) Chrome/57.0.2987.133 Safari/537.36"
::1 - - [Mon, 22 May 2017 06:35:05 GMT] "OPTIONS /user/authInfo HTTP/1.1" 200 8 "http://localhost:8080/reg" "Mozilla/5.0 (Windows NT 6.1; WOW64) AppleWebKit/537.36 (KHTML, like Gecko) Chrome/57.0.2987.133 Safari/537.36"
::1 - - [Mon, 22 May 2017 06:35:05 GMT] "GET /user/authInfo HTTP/1.1" 200 370 "http://localhost:8080/reg" "Mozilla/5.0 (Windows NT 6.1; WOW64) AppleWebKit/537.36 (KHTML, like Gecko) Chrome/57.0.2987.133 Safari/537.36"
::1 - - [Mon, 22 May 2017 06:35:05 GMT] "OPTIONS /article/5922869951fafb226c97e148/1495434905744 HTTP/1.1" 404 63 "http://localhost:8080/u/5922869951fafb226c97e148/" "Mozilla/5.0 (Windows NT 6.1; WOW64) AppleWebKit/537.36 (KHTML, like Gecko) Chrome/57.0.2987.133 Safari/537.36"
::1 - - [Mon, 22 May 2017 06:35:05 GMT] "OPTIONS /user/5922869951fafb226c97e148/userInfo HTTP/1.1" 404 55 "http://localhost:8080/u/5922869951fafb226c97e148/" "Mozilla/5.0 (Windows NT 6.1; WOW64) AppleWebKit/537.36 (KHTML, like Gecko) Chrome/57.0.2987.133 Safari/537.36"
